<?xml version="1.0" encoding="UTF-8"?>
<Site BuildName="(empty)"
	BuildStamp="20231229-1323-Experimental"
	Name="DESKTOP-8NQK469"
	Generator="ctest-3.22.1"
	CompilerName="/usr/bin/g++"
	CompilerVersion="11.4.0"
	OSName="Linux"
	Hostname="DESKTOP-8NQK469"
	OSRelease="5.15.133.1-microsoft-standard-WSL2"
	OSVersion="#1 SMP Thu Oct 5 21:02:42 UTC 2023"
	OSPlatform="x86_64"
	Is64Bits="1"
	VendorString="GenuineIntel"
	VendorID="Intel Corporation"
	FamilyID="6"
	ModelID="165"
	ProcessorCacheSize="16384"
	NumberOfLogicalCPU="16"
	NumberOfPhysicalCPU="8"
	TotalVirtualMemory="3072"
	TotalPhysicalMemory="11874"
	LogicalProcessorsPerPhysical="2"
	ProcessorClockFrequency="2208.01"
	>
	<Testing>
		<StartDateTime>Dec 29 21:23 CST</StartDateTime>
		<StartTestTime>1703856211</StartTestTime>
		<TestList/>
		<EndDateTime>Dec 29 21:23 CST</EndDateTime>
		<EndTestTime>1703856211</EndTestTime>
		<ElapsedMinutes>0</ElapsedMinutes>
	</Testing>
</Site>
